Performing C SOURCE FILE Test CMAKE_HAVE_LIBC_PTHREAD failed with the following output:
Change Dir: /home/jaren/development/school/cpp/randomDistributions/build/CMakeFiles/CMakeTmp

Run Build Command(s):/usr/bin/ninja cmTC_966aa && [1/2] Building C object CMakeFiles/cmTC_966aa.dir/src.c.o
[2/2] Linking C executable cmTC_966aa
FAILED: cmTC_966aa 
: && /bin/x86_64-pc-linux-gnu-gcc-11.1.0   CMakeFiles/cmTC_966aa.dir/src.c.o -o cmTC_966aa   && :
/usr/bin/ld: CMakeFiles/cmTC_966aa.dir/src.c.o: in function `main':
src.c:(.text+0x3e): undefined reference to `pthread_create'
/usr/bin/ld: src.c:(.text+0x4a): undefined reference to `pthread_detach'
/usr/bin/ld: src.c:(.text+0x56): undefined reference to `pthread_cancel'
/usr/bin/ld: src.c:(.text+0x67): undefined reference to `pthread_join'
collect2: error: ld returned 1 exit status
ninja: build stopped: subcommand failed.


Source file was:
#include <pthread.h>

static void* test_func(void* data)
{
  return data;
}

int main(void)
{
  pthread_t thread;
  pthread_create(&thread, NULL, test_func, NULL);
  pthread_detach(thread);
  pthread_cancel(thread);
  pthread_join(thread, NULL);
  pthread_atfork(NULL, NULL, NULL);
  pthread_exit(NULL);

  return 0;
}

Determining if the function pthread_create exists in the pthreads failed with the following output:
Change Dir: /home/jaren/development/school/cpp/randomDistributions/build/CMakeFiles/CMakeTmp

Run Build Command(s):/usr/bin/ninja cmTC_6bb5a && [1/2] Building C object CMakeFiles/cmTC_6bb5a.dir/CheckFunctionExists.c.o
[2/2] Linking C executable cmTC_6bb5a
FAILED: cmTC_6bb5a 
: && /bin/x86_64-pc-linux-gnu-gcc-11.1.0 -DCHECK_FUNCTION_EXISTS=pthread_create  CMakeFiles/cmTC_6bb5a.dir/CheckFunctionExists.c.o -o cmTC_6bb5a  -lpthreads && :
/usr/bin/ld: cannot find -lpthreads
collect2: error: ld returned 1 exit status
ninja: build stopped: subcommand failed.



